#
# A fatal error has been detected by the Java Runtime Environment:
#
#  SIGSEGV (0xb) at pc=0x00000001050954eb, pid=19426, tid=27915
#
# JRE version: Java(TM) SE Runtime Environment (8.0_60-b27) (build 1.8.0_60-b27)
# Java VM: Java HotSpot(TM) 64-Bit Server VM (25.60-b23 mixed mode bsd-amd64 compressed oops)
# Problematic frame:
# J 14239 C2 net.contentobjects.jnotify.macosx.JNotifyAdapterMacOSX.batchEndEvent(I)V (815 bytes) @ 0x00000001050954eb [0x00000001050950a0+0x44b]
#
# Failed to write core dump. Core dumps have been disabled. To enable core dumping, try "ulimit -c unlimited" before starting Java again
#
# If you would like to submit a bug report, please visit:
#   http://bugreport.java.com/bugreport/crash.jsp
#

---------------  T H R E A D  ---------------

Current thread (0x00007f896db9e800):  JavaThread "FSEvent thread" daemon [_thread_in_Java, id=27915, stack(0x000000011d168000,0x000000011d268000)]

siginfo: si_signo: 11 (SIGSEGV), si_code: 1 (SEGV_MAPERR), si_addr: 0x000000016850461c

Registers:
RAX=0x00000007aac2b7c8, RBX=0x00000007c000e928, RCX=0x0000000000000003, RDX=0x0000000000000000
RSP=0x000000011d2611a0, RBP=0x00000000f55856d5, RSI=0x000000078001c9d8, RDI=0x0000000000000001
R8 =0x0000000000000001, R9 =0x00000007aac2b6a8, R10=0x0000000000000005, R11=0x000000002d0a08c2
R12=0x0000000000000000, R13=0x00000007aac2b6d8, R14=0x000000078001ca68, R15=0x00007f896db9e800
RIP=0x00000001050954eb, EFLAGS=0x0000000000010287, ERR=0x0000000000000004
  TRAPNO=0x000000000000000e

Top of Stack: (sp=0x000000011d2611a0)
0x000000011d2611a0:   0000000700000083 0000000000000003
0x000000011d2611b0:   00000007c0011320 000000030500c64c
0x000000011d2611c0:   000000011d2613a0 000000010500abcc
0x000000011d2611d0:   00000007bacad538 00000007c082c370
0x000000011d2611e0:   00000007aac267a0 0000000103093465
0x000000011d2611f0:   0000000103093465 00000007b0429948
0x000000011d261200:   000000011d261200 0000000100000000
0x000000011d261210:   0000000000000000 00007f89f7595ab9
0x000000011d261220:   000000011d261328 0000000000000000
0x000000011d261230:   0000000781202d00 0000000000002109
0x000000011d261240:   0000000781202d00 000000011d261248
0x000000011d261250:   00007f8968504610 0000000100000001
0x000000011d261260:   000000078001c9d8 0000000000000021
0x000000011d261270:   000000078001c9d8 0000000000000000
0x000000011d261280:   000000011d2613a0 0000000105005284
0x000000011d261290:   000000010501cedc 0000000000000000
0x000000011d2612a0:   000000011d2613a0 000000010501cfbc
0x000000011d2612b0:   000000011d2612c8 000000011d261318
0x000000011d2612c0:   0000000103093c92 0000000000000003
0x000000011d2612d0:   000000078001c9b8 000000011d2612d8
0x000000011d2612e0:   000000011df05a52 000000011d261330
0x000000011d2612f0:   000000011df06460 000000078001c9d8
0x000000011d261300:   000000011d2613a0 000000010308c7a7
0x000000011d261310:   000000011d2613a0 000000010308c7a7
0x000000011d261320:   000000010308c7a7 00007f8900000000
0x000000011d261330:   0000000000000003 000000078001c930
0x000000011d261340:   0000000100001fa0 000000000000000a
0x000000011d261350:   00007f896db9e800 0000000000000003
0x000000011d261360:   000000010308c71f 000000011df05a80
0x000000011d261370:   000000011d261438 000000011d2617d8
0x000000011d261380:   00007f890000000a 000000011df05a80
0x000000011d261390:   00000001030efa20 000000011d261588 

Instructions: (pc=0x00000001050954eb)
0x00000001050954cb:   8b 93 a8 00 00 00 4c 89 10 c7 40 08 25 1d 00 f8
0x00000001050954db:   44 89 60 0c 4c 89 60 10 4c 89 60 18 45 8b 59 10
0x00000001050954eb:   47 8b 54 dc 0c 43 8b 4c d4 0c c4 c1 79 6e c3 48
0x00000001050954fb:   89 44 24 40 48 89 5c 24 38 4c 89 4c 24 30 44 89 

Register to memory mapping:

RAX=0x00000007aac2b7c8 is an oop
java.io.File 
 - klass: 'java/io/File'
RBX=0x00000007c000e928 is pointing into metadata
RCX=0x0000000000000003 is an unknown value
RDX=0x0000000000000000 is an unknown value
RSP=0x000000011d2611a0 is pointing into the stack for thread: 0x00007f896db9e800
RBP=0x00000000f55856d5 is an unknown value
RSI=0x000000078001c9d8 is an oop
java.util.Hashtable 
 - klass: 'java/util/Hashtable'
RDI=0x0000000000000001 is an unknown value
R8 =0x0000000000000001 is an unknown value
R9 =0x00000007aac2b6a8 is an oop
net.contentobjects.jnotify.macosx.JNotifyAdapterMacOSX$ScanJob 
 - klass: 'net/contentobjects/jnotify/macosx/JNotifyAdapterMacOSX$ScanJob'
R10=0x0000000000000005 is an unknown value
R11=0x000000002d0a08c2 is an unknown value
R12=0x0000000000000000 is an unknown value
R13=0x00000007aac2b6d8 is an oop
net.contentobjects.jnotify.macosx.JNotifyAdapterMacOSX$JNEvents 
 - klass: 'net/contentobjects/jnotify/macosx/JNotifyAdapterMacOSX$JNEvents'
R14=0x000000078001ca68 is an oop
net.contentobjects.jnotify.macosx.JNotifyAdapterMacOSX$WatchData 
 - klass: 'net/contentobjects/jnotify/macosx/JNotifyAdapterMacOSX$WatchData'
R15=0x00007f896db9e800 is a thread


Stack: [0x000000011d168000,0x000000011d268000],  sp=0x000000011d2611a0,  free space=996k
Native frames: (J=compiled Java code, j=interpreted, Vv=VM code, C=native code)
J 14239 C2 net.contentobjects.jnotify.macosx.JNotifyAdapterMacOSX.batchEndEvent(I)V (815 bytes) @ 0x00000001050954eb [0x00000001050950a0+0x44b]
J 14216 C1 net.contentobjects.jnotify.macosx.JNotify_macosx.callbackInBatch(IZ)V (32 bytes) @ 0x000000010501cfbc [0x000000010501cb00+0x4bc]
v  ~StubRoutines::call_stub
V  [libjvm.dylib+0x2eab0e]  JavaCalls::call_helper(JavaValue*, methodHandle*, JavaCallArguments*, Thread*)+0x6ae
V  [libjvm.dylib+0x321bb7]  jni_invoke_nonstatic(JNIEnv_*, JavaValue*, _jobject*, JNICallType, _jmethodID*, JNI_ArgumentPusher*, Thread*)+0x2ec
V  [libjvm.dylib+0x31438b]  jni_CallVoidMethod+0x16b
C  [libjnotify.jnilib+0x1585]  fsevent_callback+0x115
C  [FSEvents+0x3ba1]  implementation_callback_rpc+0x84b
C  [FSEvents+0x1672]  _Xcallback_rpc+0xfe
C  [FSEvents+0x1746]  FSEventsD2F_server+0x36
C  [FSEvents+0x6f75]  FSEventsClientProcessMessageCallback+0x2c
C  [CoreFoundation+0x80d87]  __CFMachPortPerform+0xf7
C  [CoreFoundation+0x80c79]  __CFRUNLOOP_IS_CALLING_OUT_TO_A_SOURCE1_PERFORM_FUNCTION__+0x29
C  [CoreFoundation+0x80beb]  __CFRunLoopDoSource1+0x1db
C  [CoreFoundation+0x72767]  __CFRunLoopRun+0x947
C  [CoreFoundation+0x71bd8]  CFRunLoopRunSpecific+0x128
C  [CoreFoundation+0x129671]  CFRunLoopRun+0x61
j  net.contentobjects.jnotify.macosx.JNotify_macosx.nativeNotifyLoop()V+0
j  net.contentobjects.jnotify.macosx.JNotify_macosx.access$400()V+0
j  net.contentobjects.jnotify.macosx.JNotify_macosx$1.run()V+65
v  ~StubRoutines::call_stub
V  [libjvm.dylib+0x2eab0e]  JavaCalls::call_helper(JavaValue*, methodHandle*, JavaCallArguments*, Thread*)+0x6ae
V  [libjvm.dylib+0x2eb29c]  JavaCalls::call_virtual(JavaValue*, KlassHandle, Symbol*, Symbol*, JavaCallArguments*, Thread*)+0x164
V  [libjvm.dylib+0x2eb448]  JavaCalls::call_virtual(JavaValue*, Handle, KlassHandle, Symbol*, Symbol*, Thread*)+0x4a
V  [libjvm.dylib+0x345965]  thread_entry(JavaThread*, Thread*)+0x7c
V  [libjvm.dylib+0x5612d3]  JavaThread::thread_main_inner()+0x9b
V  [libjvm.dylib+0x5629ce]  JavaThread::run()+0x1c2
V  [libjvm.dylib+0x48343a]  java_start(Thread*)+0xf6
C  [libsystem_pthread.dylib+0x405a]  _pthread_body+0x83
C  [libsystem_pthread.dylib+0x3fd7]  _pthread_body+0x0
C  [libsystem_pthread.dylib+0x13ed]  thread_start+0xd
C  0x0000000000000000


---------------  P R O C E S S  ---------------

Java Threads: ( => current thread )
  0x00007f896fa24800 JavaThread "play-akka.actor.default-dispatcher-61" [_thread_blocked, id=26411, stack(0x00000001209eb000,0x0000000120aeb000)]
  0x00007f896b827000 JavaThread "play-akka.actor.default-dispatcher-60" [_thread_blocked, id=23423, stack(0x000000011dde2000,0x000000011dee2000)]
  0x00007f896f981000 JavaThread "play-akka.actor.default-dispatcher-57" [_thread_blocked, id=25087, stack(0x000000011b4f1000,0x000000011b5f1000)]
  0x00007f896b07e000 JavaThread "play-akka.actor.default-dispatcher-53" [_thread_blocked, id=40963, stack(0x0000000120ef4000,0x0000000120ff4000)]
  0x00007f89696d2800 JavaThread "net.sf.ehcache.CacheManager@3ec0cd2a" daemon [_thread_blocked, id=43399, stack(0x00000001202a9000,0x00000001203a9000)]
  0x00007f896b1f2800 JavaThread "BoneCP-pool-watch-thread" daemon [_thread_blocked, id=44863, stack(0x000000011fda0000,0x000000011fea0000)]
  0x00007f896b4ef800 JavaThread "BoneCP-max-alive-scheduler" daemon [_thread_blocked, id=44427, stack(0x000000011f98e000,0x000000011fa8e000)]
  0x00007f896f809000 JavaThread "BoneCP-keep-alive-scheduler" daemon [_thread_blocked, id=27803, stack(0x000000011f88b000,0x000000011f98b000)]
  0x00007f896c319800 JavaThread "BoneCP-pool-watch-thread" daemon [_thread_blocked, id=26115, stack(0x000000011e6a4000,0x000000011e7a4000)]
  0x00007f896ea61000 JavaThread "BoneCP-max-alive-scheduler" daemon [_thread_blocked, id=22119, stack(0x000000011e0e5000,0x000000011e1e5000)]
  0x00007f89696d0800 JavaThread "BoneCP-keep-alive-scheduler" daemon [_thread_blocked, id=45175, stack(0x000000011c000000,0x000000011c100000)]
  0x00007f896b10d800 JavaThread "play-internal-execution-context-2" daemon [_thread_blocked, id=40307, stack(0x000000011ff84000,0x0000000120084000)]
  0x00007f896d8ad000 JavaThread "Timer-0" [_thread_blocked, id=45551, stack(0x000000011fa91000,0x000000011fb91000)]
  0x00007f896e3f3000 JavaThread "play-scheduler-1" [_thread_blocked, id=45835, stack(0x00000001206e8000,0x00000001207e8000)]
  0x00007f896d334800 JavaThread "New I/O server boss #17" [_thread_in_native, id=39683, stack(0x000000011f388000,0x000000011f488000)]
  0x00007f8969055000 JavaThread "New I/O worker #16" [_thread_in_native, id=39171, stack(0x000000011f285000,0x000000011f385000)]
  0x00007f896da7b000 JavaThread "New I/O worker #15" [_thread_in_native, id=38659, stack(0x000000011f182000,0x000000011f282000)]
  0x00007f896cd64000 JavaThread "New I/O worker #14" [_thread_in_native, id=38147, stack(0x000000011f07f000,0x000000011f17f000)]
  0x00007f896c546800 JavaThread "New I/O worker #13" [_thread_in_native, id=37635, stack(0x000000011ef7c000,0x000000011f07c000)]
  0x00007f896da41800 JavaThread "New I/O worker #12" [_thread_in_native, id=37123, stack(0x000000011ee79000,0x000000011ef79000)]
  0x00007f896d641000 JavaThread "New I/O worker #11" [_thread_in_native, id=36611, stack(0x000000011ed76000,0x000000011ee76000)]
  0x00007f896e508800 JavaThread "New I/O worker #10" [_thread_in_native, id=36099, stack(0x000000011ec73000,0x000000011ed73000)]
  0x00007f896d8c6000 JavaThread "New I/O worker #9" [_thread_in_native, id=35587, stack(0x000000011eb70000,0x000000011ec70000)]
  0x00007f896d8c5800 JavaThread "New I/O worker #8" [_thread_in_native, id=35075, stack(0x000000011ea6d000,0x000000011eb6d000)]
  0x00007f896c546000 JavaThread "New I/O worker #7" [_thread_in_native, id=34563, stack(0x000000011e96a000,0x000000011ea6a000)]
  0x00007f896dc65800 JavaThread "New I/O worker #6" [_thread_in_native, id=34051, stack(0x000000011e867000,0x000000011e967000)]
  0x00007f896c543000 JavaThread "New I/O worker #5" [_thread_in_native, id=33539, stack(0x000000011e34f000,0x000000011e44f000)]
  0x00007f896dc64800 JavaThread "New I/O worker #4" [_thread_in_native, id=33027, stack(0x000000011e24c000,0x000000011e34c000)]
  0x00007f896e5fe800 JavaThread "New I/O worker #3" [_thread_in_native, id=32515, stack(0x000000011d99b000,0x000000011da9b000)]
  0x00007f896dc7a800 JavaThread "New I/O worker #2" [_thread_in_native, id=31751, stack(0x000000011d671000,0x000000011d771000)]
  0x00007f8969384000 JavaThread "New I/O worker #1" [_thread_in_native, id=14347, stack(0x000000011d051000,0x000000011d151000)]
=>0x00007f896db9e800 JavaThread "FSEvent thread" daemon [_thread_in_Java, id=27915, stack(0x000000011d168000,0x000000011d268000)]
  0x00007f896e4e7800 JavaThread "pool-6-thread-3" [_thread_in_native, id=26891, stack(0x000000011b8f5000,0x000000011b9f5000)]
  0x00007f8968e6f000 JavaThread "sbt-web-akka.actor.default-dispatcher-4" [_thread_blocked, id=25615, stack(0x000000011c103000,0x000000011c203000)]
  0x00007f896d6e7000 JavaThread "sbt-web-scheduler-1" [_thread_blocked, id=22543, stack(0x000000011c6b3000,0x000000011c7b3000)]
  0x00007f8969831000 JavaThread "Service Thread" daemon [_thread_blocked, id=20739, stack(0x00000001199a9000,0x0000000119aa9000)]
  0x00007f8968819800 JavaThread "C1 CompilerThread3" daemon [_thread_blocked, id=20227, stack(0x00000001198a6000,0x00000001199a6000)]
  0x00007f8968818800 JavaThread "C2 CompilerThread2" daemon [_thread_blocked, id=19715, stack(0x00000001197a3000,0x00000001198a3000)]
  0x00007f8968818000 JavaThread "C2 CompilerThread1" daemon [_thread_blocked, id=19203, stack(0x00000001196a0000,0x00000001197a0000)]
  0x00007f896a00b000 JavaThread "C2 CompilerThread0" daemon [_thread_blocked, id=18691, stack(0x000000011959d000,0x000000011969d000)]
  0x00007f8969017000 JavaThread "Signal Dispatcher" daemon [_thread_blocked, id=15379, stack(0x000000011949a000,0x000000011959a000)]
  0x00007f896a033800 JavaThread "Finalizer" daemon [_thread_blocked, id=13571, stack(0x0000000117a8d000,0x0000000117b8d000)]
  0x00007f896a032800 JavaThread "Reference Handler" daemon [_thread_blocked, id=13059, stack(0x000000011798a000,0x0000000117a8a000)]
  0x00007f8969003000 JavaThread "main" [_thread_blocked, id=4867, stack(0x0000000102f8a000,0x000000010308a000)]

Other Threads:
  0x00007f896a030000 VMThread [stack: 0x0000000117887000,0x0000000117987000] [id=12547]
  0x00007f896a00c000 WatcherThread [stack: 0x0000000119aac000,0x0000000119bac000] [id=21251]

VM state:not at safepoint (normal execution)

VM Mutex/Monitor currently owned by a thread: None

Heap:
 PSYoungGen      total 305664K, used 11738K [0x00000007aab00000, 0x00000007c0000000, 0x00000007c0000000)
  eden space 263680K, 3% used [0x00000007aab00000,0x00000007ab419160,0x00000007bac80000)
  from space 41984K, 5% used [0x00000007bac80000,0x00000007baedda18,0x00000007bd580000)
  to   space 42496K, 0% used [0x00000007bd680000,0x00000007bd680000,0x00000007c0000000)
 ParOldGen       total 699392K, used 638561K [0x0000000780000000, 0x00000007aab00000, 0x00000007aab00000)
  object space 699392K, 91% used [0x0000000780000000,0x00000007a6f987a0,0x00000007aab00000)
 Metaspace       used 80232K, capacity 81262K, committed 81408K, reserved 1116160K
  class space    used 13954K, capacity 14258K, committed 14336K, reserved 1048576K

Card table byte_map: [0x000000011244c000,0x000000011264d000] byte_map_base: 0x000000010e84c000

Marking Bits: (ParMarkBitMap*) 0x00000001028dee20
 Begin Bits: [0x0000000112fbb000, 0x0000000113fbb000)
 End Bits:   [0x0000000113fbb000, 0x0000000114fbb000)

Polling page: 0x0000000100f65000

CodeCache: size=245760Kb used=33637Kb max_used=33660Kb free=212122Kb
 bounds [0x000000010308c000, 0x00000001051bc000, 0x000000011208c000]
 total_blobs=12076 nmethods=11510 adapters=476
 compilation: enabled

Compilation events (10 events):
Event: 1498.934 Thread 0x00007f8968819800 14497       3       scala.collection.immutable.HashMap::$plus (23 bytes)
Event: 1498.936 Thread 0x00007f8968819800 nmethod 14497 0x000000010518dcd0 code [0x000000010518df60, 0x000000010518f3a8]
Event: 1498.997 Thread 0x00007f8968818800 14498       4       sbt.Execute$$anonfun$retire$2::apply$mcV$sp (170 bytes)
Event: 1498.997 Thread 0x00007f8968818000 14499       4       sbt.Value::equals (60 bytes)
Event: 1498.998 Thread 0x00007f8968818000 nmethod 14499 0x0000000103521810 code [0x0000000103521960, 0x00000001035219d8]
Event: 1499.117 Thread 0x00007f8968818800 nmethod 14498 0x00000001051a1e10 code [0x00000001051a2540, 0x00000001051a5380]
Event: 1504.026 Thread 0x00007f8968818800 14500       4       scala.collection.mutable.Set$class::seq (2 bytes)
Event: 1504.027 Thread 0x00007f8968818800 nmethod 14500 0x0000000103359c10 code [0x0000000103359d40, 0x0000000103359d78]
Event: 1520.266 Thread 0x00007f8968818800 14501 %     4       net.contentobjects.jnotify.macosx.JNotifyAdapterMacOSX::batchEndEvent @ 482 (815 bytes)
Event: 1520.509 Thread 0x00007f8968818800 nmethod 14501% 0x00000001051acfd0 code [0x00000001051ad460, 0x00000001051b0290]

GC Heap History (10 events):
Event: 1514.463 GC heap before
{Heap before GC invocations=110 (full 1):
 PSYoungGen      total 310784K, used 281792K [0x00000007aab00000, 0x00000007c0000000, 0x00000007c0000000)
  eden space 272384K, 100% used [0x00000007aab00000,0x00000007bb500000,0x00000007bb500000)
  from space 38400K, 24% used [0x00000007bda80000,0x00000007be3b0010,0x00000007c0000000)
  to   space 38400K, 0% used [0x00000007bb500000,0x00000007bb500000,0x00000007bda80000)
 ParOldGen       total 699392K, used 583787K [0x0000000780000000, 0x00000007aab00000, 0x00000007aab00000)
  object space 699392K, 83% used [0x0000000780000000,0x00000007a3a1afa0,0x00000007aab00000)
 Metaspace       used 80232K, capacity 81262K, committed 81408K, reserved 1116160K
  class space    used 13954K, capacity 14258K, committed 14336K, reserved 1048576K
Event: 1514.467 GC heap after
Heap after GC invocations=110 (full 1):
 PSYoungGen      total 272896K, used 320K [0x00000007aab00000, 0x00000007c0000000, 0x00000007c0000000)
  eden space 272384K, 0% used [0x00000007aab00000,0x00000007aab00000,0x00000007bb500000)
  from space 512K, 62% used [0x00000007bb500000,0x00000007bb550000,0x00000007bb580000)
  to   space 39424K, 0% used [0x00000007bd980000,0x00000007bd980000,0x00000007c0000000)
 ParOldGen       total 699392K, used 583883K [0x0000000780000000, 0x00000007aab00000, 0x00000007aab00000)
  object space 699392K, 83% used [0x0000000780000000,0x00000007a3a32fa0,0x00000007aab00000)
 Metaspace       used 80232K, capacity 81262K, committed 81408K, reserved 1116160K
  class space    used 13954K, capacity 14258K, committed 14336K, reserved 1048576K
}
Event: 1516.008 GC heap before
{Heap before GC invocations=111 (full 1):
 PSYoungGen      total 272896K, used 272704K [0x00000007aab00000, 0x00000007c0000000, 0x00000007c0000000)
  eden space 272384K, 100% used [0x00000007aab00000,0x00000007bb500000,0x00000007bb500000)
  from space 512K, 62% used [0x00000007bb500000,0x00000007bb550000,0x00000007bb580000)
  to   space 39424K, 0% used [0x00000007bd980000,0x00000007bd980000,0x00000007c0000000)
 ParOldGen       total 699392K, used 583883K [0x0000000780000000, 0x00000007aab00000, 0x00000007aab00000)
  object space 699392K, 83% used [0x0000000780000000,0x00000007a3a32fa0,0x00000007aab00000)
 Metaspace       used 80232K, capacity 81262K, committed 81408K, reserved 1116160K
  class space    used 13954K, capacity 14258K, committed 14336K, reserved 1048576K
Event: 1516.026 GC heap after
Heap after GC invocations=111 (full 1):
 PSYoungGen      total 308736K, used 24117K [0x00000007aab00000, 0x00000007c0000000, 0x00000007c0000000)
  eden space 269312K, 0% used [0x00000007aab00000,0x00000007aab00000,0x00000007bb200000)
  from space 39424K, 61% used [0x00000007bd980000,0x00000007bf10d7f0,0x00000007c0000000)
  to   space 39936K, 0% used [0x00000007bb200000,0x00000007bb200000,0x00000007bd900000)
 ParOldGen       total 699392K, used 584107K [0x0000000780000000, 0x00000007aab00000, 0x00000007aab00000)
  object space 699392K, 83% used [0x0000000780000000,0x00000007a3a6afa0,0x00000007aab00000)
 Metaspace       used 80232K, capacity 81262K, committed 81408K, reserved 1116160K
  class space    used 13954K, capacity 14258K, committed 14336K, reserved 1048576K
}
Event: 1518.101 GC heap before
{Heap before GC invocations=112 (full 1):
 PSYoungGen      total 308736K, used 293429K [0x00000007aab00000, 0x00000007c0000000, 0x00000007c0000000)
  eden space 269312K, 100% used [0x00000007aab00000,0x00000007bb200000,0x00000007bb200000)
  from space 39424K, 61% used [0x00000007bd980000,0x00000007bf10d7f0,0x00000007c0000000)
  to   space 39936K, 0% used [0x00000007bb200000,0x00000007bb200000,0x00000007bd900000)
 ParOldGen       total 699392K, used 584107K [0x0000000780000000, 0x00000007aab00000, 0x00000007aab00000)
  object space 699392K, 83% used [0x0000000780000000,0x00000007a3a6afa0,0x00000007aab00000)
 Metaspace       used 80232K, capacity 81262K, committed 81408K, reserved 1116160K
  class space    used 13954K, capacity 14258K, committed 14336K, reserved 1048576K
Event: 1518.159 GC heap after
Heap after GC invocations=112 (full 1):
 PSYoungGen      total 303104K, used 33632K [0x00000007aab00000, 0x00000007c0000000, 0x00000007c0000000)
  eden space 269312K, 0% used [0x00000007aab00000,0x00000007aab00000,0x00000007bb200000)
  from space 33792K, 99% used [0x00000007bb200000,0x00000007bd2d8020,0x00000007bd300000)
  to   space 43520K, 0% used [0x00000007bd580000,0x00000007bd580000,0x00000007c0000000)
 ParOldGen       total 699392K, used 608521K [0x0000000780000000, 0x00000007aab00000, 0x00000007aab00000)
  object space 699392K, 87% used [0x0000000780000000,0x00000007a5242790,0x00000007aab00000)
 Metaspace       used 80232K, capacity 81262K, committed 81408K, reserved 1116160K
  class space    used 13954K, capacity 14258K, committed 14336K, reserved 1048576K
}
Event: 1519.973 GC heap before
{Heap before GC invocations=113 (full 1):
 PSYoungGen      total 303104K, used 302944K [0x00000007aab00000, 0x00000007c0000000, 0x00000007c0000000)
  eden space 269312K, 100% used [0x00000007aab00000,0x00000007bb200000,0x00000007bb200000)
  from space 33792K, 99% used [0x00000007bb200000,0x00000007bd2d8020,0x00000007bd300000)
  to   space 43520K, 0% used [0x00000007bd580000,0x00000007bd580000,0x00000007c0000000)
 ParOldGen       total 699392K, used 608521K [0x0000000780000000, 0x00000007aab00000, 0x00000007aab00000)
  object space 699392K, 87% used [0x0000000780000000,0x00000007a5242790,0x00000007aab00000)
 Metaspace       used 80232K, capacity 81262K, committed 81408K, reserved 1116160K
  class space    used 13954K, capacity 14258K, committed 14336K, reserved 1048576K
Event: 1519.991 GC heap after
Heap after GC invocations=113 (full 1):
 PSYoungGen      total 307200K, used 20768K [0x00000007aab00000, 0x00000007c0000000, 0x00000007c0000000)
  eden space 263680K, 0% used [0x00000007aab00000,0x00000007aab00000,0x00000007bac80000)
  from space 43520K, 47% used [0x00000007bd580000,0x00000007be9c8010,0x00000007c0000000)
  to   space 41984K, 0% used [0x00000007bac80000,0x00000007bac80000,0x00000007bd580000)
 ParOldGen       total 699392K, used 619425K [0x0000000780000000, 0x00000007aab00000, 0x00000007aab00000)
  object space 699392K, 88% used [0x0000000780000000,0x00000007a5ce87a0,0x00000007aab00000)
 Metaspace       used 80232K, capacity 81262K, committed 81408K, reserved 1116160K
  class space    used 13954K, capacity 14258K, committed 14336K, reserved 1048576K
}
Event: 1521.184 GC heap before
{Heap before GC invocations=114 (full 1):
 PSYoungGen      total 307200K, used 284448K [0x00000007aab00000, 0x00000007c0000000, 0x00000007c0000000)
  eden space 263680K, 100% used [0x00000007aab00000,0x00000007bac80000,0x00000007bac80000)
  from space 43520K, 47% used [0x00000007bd580000,0x00000007be9c8010,0x00000007c0000000)
  to   space 41984K, 0% used [0x00000007bac80000,0x00000007bac80000,0x00000007bd580000)
 ParOldGen       total 699392K, used 619425K [0x0000000780000000, 0x00000007aab00000, 0x00000007aab00000)
  object space 699392K, 88% used [0x0000000780000000,0x00000007a5ce87a0,0x00000007aab00000)
 Metaspace       used 80232K, capacity 81262K, committed 81408K, reserved 1116160K
  class space    used 13954K, capacity 14258K, committed 14336K, reserved 1048576K
Event: 1521.196 GC heap after
Heap after GC invocations=114 (full 1):
 PSYoungGen      total 305664K, used 2422K [0x00000007aab00000, 0x00000007c0000000, 0x00000007c0000000)
  eden space 263680K, 0% used [0x00000007aab00000,0x00000007aab00000,0x00000007bac80000)
  from space 41984K, 5% used [0x00000007bac80000,0x00000007baedda18,0x00000007bd580000)
  to   space 42496K, 0% used [0x00000007bd680000,0x00000007bd680000,0x00000007c0000000)
 ParOldGen       total 699392K, used 638561K [0x0000000780000000, 0x00000007aab00000, 0x00000007aab00000)
  object space 699392K, 91% used [0x0000000780000000,0x00000007a6f987a0,0x00000007aab00000)
 Metaspace       used 80232K, capacity 81262K, committed 81408K, reserved 1116160K
  class space    used 13954K, capacity 14258K, committed 14336K, reserved 1048576K
}

Deoptimization events (10 events):
Event: 1496.041 Thread 0x00007f896bd1e800 Uncommon trap: reason=class_check action=maybe_recompile pc=0x00000001039553d8 method=sbinary.JavaOutput.writeByte(B)V @ 5
Event: 1496.041 Thread 0x00007f896bd1e800 Uncommon trap: reason=class_check action=maybe_recompile pc=0x00000001039553d8 method=sbinary.JavaOutput.writeByte(B)V @ 5
Event: 1496.161 Thread 0x00007f896bd1e800 Uncommon trap: reason=bimorphic action=maybe_recompile pc=0x0000000103cd4c08 method=scala.collection.immutable.HashMap$HashTrieMap.foreach(Lscala/Function1;)V @ 18
Event: 1496.389 Thread 0x00007f896b10d800 Uncommon trap: reason=predicate action=maybe_recompile pc=0x00000001048d0ef8 method=scala.collection.immutable.Stream.filter(Lscala/Function1;)Lscala/collection/immutable/Stream; @ 9
Event: 1496.554 Thread 0x00007f896d8cd800 Uncommon trap: reason=unstable_if action=reinterpret pc=0x0000000104e71438 method=org.jboss.netty.channel.socket.nio.NioSocketChannel.isConnected()Z @ 5
Event: 1496.561 Thread 0x00007f896d8cd800 Uncommon trap: reason=unstable_if action=reinterpret pc=0x0000000103fe54b4 method=scala.concurrent.impl.Promise$.scala$concurrent$impl$Promise$$resolveTry(Lscala/util/Try;)Lscala/util/Try; @ 4
Event: 1496.561 Thread 0x00007f896d8cd800 Uncommon trap: reason=class_check action=maybe_recompile pc=0x0000000104c7f258 method=scala.concurrent.impl.Promise$DefaultPromise.scala$concurrent$impl$Promise$DefaultPromise$$dispatchOrAddCallback(Lscala/concurrent/impl/CallbackRunnable;)V @ 16
Event: 1496.561 Thread 0x00007f896d8cd800 Uncommon trap: reason=unstable_if action=reinterpret pc=0x000000010374caac method=scala.concurrent.impl.Promise$.scala$concurrent$impl$Promise$$resolveTry(Lscala/util/Try;)Lscala/util/Try; @ 4
Event: 1496.566 Thread 0x00007f896e508800 Uncommon trap: reason=unstable_if action=reinterpret pc=0x0000000103864174 method=org.jboss.netty.channel.socket.nio.NioSocketChannel.isConnected()Z @ 5
Event: 1496.798 Thread 0x00007f896e476000 Uncommon trap: reason=unstable_if action=reinterpret pc=0x0000000104fd3d98 method=scala.concurrent.forkjoin.ForkJoinPool.scan(Lscala/concurrent/forkjoin/ForkJoinPool$WorkQueue;)Lscala/concurrent/forkjoin/ForkJoinTask; @ 177

Internal exceptions (10 events):
Event: 1496.536 Thread 0x00007f896b10d800 Exception <a 'java/lang/ArrayIndexOutOfBoundsException'> (0x00000007b165a598) thrown at [/Users/java_re/workspace/8-2-build-macosx-x86_64/jdk8u60/4407/hotspot/src/share/vm/runtime/sharedRuntime.cpp, line 605]
Event: 1496.536 Thread 0x00007f896b10d800 Exception <a 'java/lang/ArrayIndexOutOfBoundsException'> (0x00000007b165de88) thrown at [/Users/java_re/workspace/8-2-build-macosx-x86_64/jdk8u60/4407/hotspot/src/share/vm/runtime/sharedRuntime.cpp, line 605]
Event: 1496.536 Thread 0x00007f896b10d800 Exception <a 'java/lang/ArrayIndexOutOfBoundsException'> (0x00000007b1663ea8) thrown at [/Users/java_re/workspace/8-2-build-macosx-x86_64/jdk8u60/4407/hotspot/src/share/vm/runtime/sharedRuntime.cpp, line 605]
Event: 1496.536 Thread 0x00007f896b10d800 Exception <a 'java/lang/ArrayIndexOutOfBoundsException'> (0x00000007b16696f8) thrown at [/Users/java_re/workspace/8-2-build-macosx-x86_64/jdk8u60/4407/hotspot/src/share/vm/runtime/sharedRuntime.cpp, line 605]
Event: 1496.536 Thread 0x00007f896b10d800 Exception <a 'java/lang/ArrayIndexOutOfBoundsException'> (0x00000007b166cfc0) thrown at [/Users/java_re/workspace/8-2-build-macosx-x86_64/jdk8u60/4407/hotspot/src/share/vm/runtime/sharedRuntime.cpp, line 605]
Event: 1496.536 Thread 0x00007f896b10d800 Exception <a 'java/lang/ArrayIndexOutOfBoundsException'> (0x00000007b1670618) thrown at [/Users/java_re/workspace/8-2-build-macosx-x86_64/jdk8u60/4407/hotspot/src/share/vm/runtime/sharedRuntime.cpp, line 605]
Event: 1496.536 Thread 0x00007f896b10d800 Exception <a 'java/lang/ArrayIndexOutOfBoundsException'> (0x00000007b16760f8) thrown at [/Users/java_re/workspace/8-2-build-macosx-x86_64/jdk8u60/4407/hotspot/src/share/vm/runtime/sharedRuntime.cpp, line 605]
Event: 1496.537 Thread 0x00007f896b10d800 Exception <a 'java/lang/ArrayIndexOutOfBoundsException'> (0x00000007b167b8e8) thrown at [/Users/java_re/workspace/8-2-build-macosx-x86_64/jdk8u60/4407/hotspot/src/share/vm/runtime/sharedRuntime.cpp, line 605]
Event: 1496.537 Thread 0x00007f896b10d800 Exception <a 'java/lang/ArrayIndexOutOfBoundsException'> (0x00000007b167fb88) thrown at [/Users/java_re/workspace/8-2-build-macosx-x86_64/jdk8u60/4407/hotspot/src/share/vm/runtime/sharedRuntime.cpp, line 605]
Event: 1496.537 Thread 0x00007f896b10d800 Exception <a 'java/lang/ArrayIndexOutOfBoundsException'> (0x00000007b16fbdd8) thrown at [/Users/java_re/workspace/8-2-build-macosx-x86_64/jdk8u60/4407/hotspot/src/share/vm/runtime/sharedRuntime.cpp, line 605]

Events (10 events):
Event: 1521.078 Thread 0x00007f8969efa000 Thread exited: 0x00007f8969efa000
Event: 1521.078 Thread 0x00007f896d8a9000 Thread exited: 0x00007f896d8a9000
Event: 1521.078 Thread 0x00007f896b414800 Thread exited: 0x00007f896b414800
Event: 1521.078 Thread 0x00007f896bd1e800 Thread exited: 0x00007f896bd1e800
Event: 1521.078 Thread 0x00007f896be0c000 Thread exited: 0x00007f896be0c000
Event: 1521.078 Thread 0x00007f896c466000 Thread exited: 0x00007f896c466000
Event: 1521.078 Thread 0x00007f896b07b800 Thread exited: 0x00007f896b07b800
Event: 1521.078 Thread 0x00007f896d8a8000 Thread exited: 0x00007f896d8a8000
Event: 1521.184 Executing VM operation: ParallelGCFailedAllocation
Event: 1521.196 Executing VM operation: ParallelGCFailedAllocation done


Dynamic libraries:
0x000000000634d000 	/System/Library/Frameworks/Cocoa.framework/Versions/A/Cocoa
0x000000000634d000 	/System/Library/Frameworks/Security.framework/Versions/A/Security
0x000000000634d000 	/System/Library/Frameworks/ApplicationServices.framework/Versions/A/ApplicationServices
0x000000000634d000 	/usr/lib/libz.1.dylib
0x000000000634d000 	/usr/lib/libSystem.B.dylib
0x000000000634d000 	/usr/lib/libobjc.A.dylib
0x000000000634d000 	/System/Library/Frameworks/CoreFoundation.framework/Versions/A/CoreFoundation
0x000000000634d000 	/System/Library/Frameworks/Foundation.framework/Versions/C/Foundation
0x000000000634d000 	/System/Library/Frameworks/AppKit.framework/Versions/C/AppKit
0x000000000634d000 	/System/Library/Frameworks/CoreData.framework/Versions/A/CoreData
0x000000000634d000 	/System/Library/PrivateFrameworks/RemoteViewServices.framework/Versions/A/RemoteViewServices
0x000000000634d000 	/System/Library/PrivateFrameworks/UIFoundation.framework/Versions/A/UIFoundation
0x000000000634d000 	/System/Library/Frameworks/IOSurface.framework/Versions/A/IOSurface
0x000000000634d000 	/System/Library/Frameworks/AudioToolbox.framework/Versions/A/AudioToolbox
0x000000000634d000 	/System/Library/Frameworks/AudioUnit.framework/Versions/A/AudioUnit
0x000000000634d000 	/System/Library/PrivateFrameworks/DataDetectorsCore.framework/Versions/A/DataDetectorsCore
0x000000000634d000 	/System/Library/PrivateFrameworks/DesktopServicesPriv.framework/Versions/A/DesktopServicesPriv
0x000000000634d000 	/System/Library/Frameworks/Carbon.framework/Versions/A/Frameworks/HIToolbox.framework/Versions/A/HIToolbox
0x000000000634d000 	/System/Library/Frameworks/QuartzCore.framework/Versions/A/QuartzCore
0x000000000634d000 	/System/Library/Frameworks/Carbon.framework/Versions/A/Frameworks/SpeechRecognition.framework/Versions/A/SpeechRecognition
0x000000000634d000 	/usr/lib/libauto.dylib
0x000000000634d000 	/usr/lib/libicucore.A.dylib
0x000000000634d000 	/usr/lib/libxml2.2.dylib
0x000000000634d000 	/System/Library/PrivateFrameworks/CoreUI.framework/Versions/A/CoreUI
0x000000000634d000 	/System/Library/Frameworks/CoreAudio.framework/Versions/A/CoreAudio
0x000000000634d000 	/System/Library/Frameworks/DiskArbitration.framework/Versions/A/DiskArbitration
0x000000000634d000 	/usr/lib/liblangid.dylib
0x000000000634d000 	/System/Library/PrivateFrameworks/MultitouchSupport.framework/Versions/A/MultitouchSupport
0x000000000634d000 	/System/Library/Frameworks/IOKit.framework/Versions/A/IOKit
0x000000000634d000 	/usr/lib/libDiagnosticMessagesClient.dylib
0x000000000634d000 	/System/Library/Frameworks/CoreServices.framework/Versions/A/CoreServices
0x000000000634d000 	/System/Library/PrivateFrameworks/PerformanceAnalysis.framework/Versions/A/PerformanceAnalysis
0x000000000634d000 	/System/Library/PrivateFrameworks/GenerationalStorage.framework/Versions/A/GenerationalStorage
0x000000000634d000 	/System/Library/Frameworks/OpenGL.framework/Versions/A/OpenGL
0x000000000634d000 	/System/Library/PrivateFrameworks/Sharing.framework/Versions/A/Sharing
0x000000000634d000 	/System/Library/Frameworks/CoreGraphics.framework/Versions/A/CoreGraphics
0x000000000634d000 	/System/Library/Frameworks/CoreText.framework/Versions/A/CoreText
0x000000000634d000 	/System/Library/Frameworks/ImageIO.framework/Versions/A/ImageIO
0x000000000634d000 	/usr/lib/libextension.dylib
0x000000000634d000 	/System/Library/PrivateFrameworks/Backup.framework/Versions/A/Backup
0x000000000634d000 	/usr/lib/libarchive.2.dylib
0x000000000634d000 	/System/Library/Frameworks/CFNetwork.framework/Versions/A/CFNetwork
0x000000000634d000 	/System/Library/Frameworks/SystemConfiguration.framework/Versions/A/SystemConfiguration
0x000000000634d000 	/usr/lib/libCRFSuite.dylib
0x000000000634d000 	/usr/lib/libc++.1.dylib
0x000000000634d000 	/usr/lib/libc++abi.dylib
0x000000000634d000 	/usr/lib/system/libcache.dylib
0x000000000634d000 	/usr/lib/system/libcommonCrypto.dylib
0x000000000634d000 	/usr/lib/system/libcompiler_rt.dylib
0x000000000634d000 	/usr/lib/system/libcopyfile.dylib
0x000000000634d000 	/usr/lib/system/libcorecrypto.dylib
0x000000000634d000 	/usr/lib/system/libdispatch.dylib
0x000000000634d000 	/usr/lib/system/libdyld.dylib
0x000000000634d000 	/usr/lib/system/libkeymgr.dylib
0x000000000634d000 	/usr/lib/system/liblaunch.dylib
0x000000000634d000 	/usr/lib/system/libmacho.dylib
0x000000000634d000 	/usr/lib/system/libquarantine.dylib
0x000000000634d000 	/usr/lib/system/libremovefile.dylib
0x000000000634d000 	/usr/lib/system/libsystem_asl.dylib
0x000000000634d000 	/usr/lib/system/libsystem_blocks.dylib
0x000000000634d000 	/usr/lib/system/libsystem_c.dylib
0x000000000634d000 	/usr/lib/system/libsystem_configuration.dylib
0x000000000634d000 	/usr/lib/system/libsystem_coreservices.dylib
0x000000000634d000 	/usr/lib/system/libsystem_coretls.dylib
0x000000000634d000 	/usr/lib/system/libsystem_dnssd.dylib
0x000000000634d000 	/usr/lib/system/libsystem_info.dylib
0x000000000634d000 	/usr/lib/system/libsystem_kernel.dylib
0x000000000634d000 	/usr/lib/system/libsystem_m.dylib
0x000000000634d000 	/usr/lib/system/libsystem_malloc.dylib
0x000000000634d000 	/usr/lib/system/libsystem_network.dylib
0x000000000634d000 	/usr/lib/system/libsystem_networkextension.dylib
0x000000000634d000 	/usr/lib/system/libsystem_notify.dylib
0x000000000634d000 	/usr/lib/system/libsystem_platform.dylib
0x000000000634d000 	/usr/lib/system/libsystem_pthread.dylib
0x000000000634d000 	/usr/lib/system/libsystem_sandbox.dylib
0x000000000634d000 	/usr/lib/system/libsystem_secinit.dylib
0x000000000634d000 	/usr/lib/system/libsystem_stats.dylib
0x000000000634d000 	/usr/lib/system/libsystem_trace.dylib
0x000000000634d000 	/usr/lib/system/libunc.dylib
0x000000000634d000 	/usr/lib/system/libunwind.dylib
0x000000000634d000 	/usr/lib/system/libxpc.dylib
0x000000000634d000 	/usr/lib/libbz2.1.0.dylib
0x000000000634d000 	/usr/lib/liblzma.5.dylib
0x000000000634d000 	/usr/lib/libbsm.0.dylib
0x000000000634d000 	/usr/lib/libsqlite3.dylib
0x000000000634d000 	/usr/lib/system/libkxld.dylib
0x000000000634d000 	/usr/lib/libxar.1.dylib
0x000000000634d000 	/usr/lib/libpam.2.dylib
0x000000000634d000 	/usr/lib/libOpenScriptingUtil.dylib
0x000000000634d000 	/System/Library/Frameworks/CoreServices.framework/Versions/A/Frameworks/FSEvents.framework/Versions/A/FSEvents
0x000000000634d000 	/System/Library/Frameworks/CoreServices.framework/Versions/A/Frameworks/CarbonCore.framework/Versions/A/CarbonCore
0x000000000634d000 	/System/Library/Frameworks/CoreServices.framework/Versions/A/Frameworks/Metadata.framework/Versions/A/Metadata
0x000000000634d000 	/System/Library/Frameworks/CoreServices.framework/Versions/A/Frameworks/OSServices.framework/Versions/A/OSServices
0x000000000634d000 	/System/Library/Frameworks/CoreServices.framework/Versions/A/Frameworks/SearchKit.framework/Versions/A/SearchKit
0x000000000634d000 	/System/Library/Frameworks/CoreServices.framework/Versions/A/Frameworks/AE.framework/Versions/A/AE
0x000000000634d000 	/System/Library/Frameworks/CoreServices.framework/Versions/A/Frameworks/LaunchServices.framework/Versions/A/LaunchServices
0x000000000634d000 	/System/Library/Frameworks/CoreServices.framework/Versions/A/Frameworks/DictionaryServices.framework/Versions/A/DictionaryServices
0x000000000634d000 	/System/Library/Frameworks/NetFS.framework/Versions/A/NetFS
0x000000000634d000 	/System/Library/PrivateFrameworks/NetAuth.framework/Versions/A/NetAuth
0x000000000634d000 	/System/Library/PrivateFrameworks/login.framework/Versions/A/Frameworks/loginsupport.framework/Versions/A/loginsupport
0x000000000634d000 	/System/Library/PrivateFrameworks/TCC.framework/Versions/A/TCC
0x000000000634d000 	/usr/lib/libmecabra.dylib
0x000000000634d000 	/System/Library/Frameworks/ApplicationServices.framework/Versions/A/Frameworks/ATS.framework/Versions/A/ATS
0x000000000634d000 	/System/Library/Frameworks/ApplicationServices.framework/Versions/A/Frameworks/ColorSync.framework/Versions/A/ColorSync
0x000000000634d000 	/System/Library/Frameworks/ApplicationServices.framework/Versions/A/Frameworks/HIServices.framework/Versions/A/HIServices
0x000000000634d000 	/System/Library/Frameworks/ApplicationServices.framework/Versions/A/Frameworks/LangAnalysis.framework/Versions/A/LangAnalysis
0x000000000634d000 	/System/Library/Frameworks/ApplicationServices.framework/Versions/A/Frameworks/PrintCore.framework/Versions/A/PrintCore
0x000000000634d000 	/System/Library/Frameworks/ApplicationServices.framework/Versions/A/Frameworks/QD.framework/Versions/A/QD
0x000000000634d000 	/System/Library/Frameworks/ApplicationServices.framework/Versions/A/Frameworks/SpeechSynthesis.framework/Versions/A/SpeechSynthesis
0x000000000634d000 	/System/Library/Frameworks/Accelerate.framework/Versions/A/Accelerate
0x000000000634d000 	/System/Library/Frameworks/Accelerate.framework/Versions/A/Frameworks/vImage.framework/Versions/A/vImage
0x000000000634d000 	/System/Library/Frameworks/Accelerate.framework/Versions/A/Frameworks/vecLib.framework/Versions/A/vecLib
0x000000000634d000 	/System/Library/Frameworks/Accelerate.framework/Versions/A/Frameworks/vecLib.framework/Versions/A/libvDSP.dylib
0x000000000634d000 	/System/Library/Frameworks/Accelerate.framework/Versions/A/Frameworks/vecLib.framework/Versions/A/libvMisc.dylib
0x000000000634d000 	/System/Library/Frameworks/Accelerate.framework/Versions/A/Frameworks/vecLib.framework/Versions/A/libLAPACK.dylib
0x000000000634d000 	/System/Library/Frameworks/Accelerate.framework/Versions/A/Frameworks/vecLib.framework/Versions/A/libBLAS.dylib
0x000000000634d000 	/System/Library/Frameworks/Accelerate.framework/Versions/A/Frameworks/vecLib.framework/Versions/A/libLinearAlgebra.dylib
0x000000000634d000 	/System/Library/Frameworks/ApplicationServices.framework/Versions/A/Frameworks/ATS.framework/Versions/A/Resources/libFontParser.dylib
0x000000000634d000 	/System/Library/Frameworks/ApplicationServices.framework/Versions/A/Frameworks/ATS.framework/Versions/A/Resources/libFontRegistry.dylib
0x000000000634d000 	/System/Library/PrivateFrameworks/AppleVPA.framework/Versions/A/AppleVPA
0x000000000634d000 	/System/Library/PrivateFrameworks/AppleJPEG.framework/Versions/A/AppleJPEG
0x000000000634d000 	/System/Library/Frameworks/ImageIO.framework/Versions/A/Resources/libJPEG.dylib
0x000000000634d000 	/System/Library/Frameworks/ImageIO.framework/Versions/A/Resources/libTIFF.dylib
0x000000000634d000 	/System/Library/Frameworks/ImageIO.framework/Versions/A/Resources/libPng.dylib
0x000000000634d000 	/System/Library/Frameworks/ImageIO.framework/Versions/A/Resources/libGIF.dylib
0x000000000634d000 	/System/Library/Frameworks/ImageIO.framework/Versions/A/Resources/libJP2.dylib
0x000000000634d000 	/System/Library/Frameworks/ImageIO.framework/Versions/A/Resources/libRadiance.dylib
0x000000000634d000 	/System/Library/Frameworks/CoreVideo.framework/Versions/A/CoreVideo
0x000000000634d000 	/System/Library/Frameworks/OpenGL.framework/Versions/A/Libraries/libGLU.dylib
0x000000000634d000 	/System/Library/Frameworks/OpenGL.framework/Versions/A/Libraries/libGFXShared.dylib
0x000000000634d000 	/System/Library/Frameworks/OpenGL.framework/Versions/A/Libraries/libGL.dylib
0x000000000634d000 	/System/Library/Frameworks/OpenGL.framework/Versions/A/Libraries/libGLImage.dylib
0x000000000634d000 	/System/Library/Frameworks/OpenGL.framework/Versions/A/Libraries/libCVMSPluginSupport.dylib
0x000000000634d000 	/System/Library/Frameworks/OpenGL.framework/Versions/A/Libraries/libCoreVMClient.dylib
0x000000000634d000 	/usr/lib/libcups.2.dylib
0x000000000634d000 	/System/Library/Frameworks/Kerberos.framework/Versions/A/Kerberos
0x000000000634d000 	/System/Library/Frameworks/GSS.framework/Versions/A/GSS
0x000000000634d000 	/usr/lib/libresolv.9.dylib
0x000000000634d000 	/usr/lib/libiconv.2.dylib
0x000000000634d000 	/System/Library/PrivateFrameworks/Heimdal.framework/Versions/A/Heimdal
0x000000000634d000 	/usr/lib/libheimdal-asn1.dylib
0x000000000634d000 	/System/Library/Frameworks/OpenDirectory.framework/Versions/A/OpenDirectory
0x000000000634d000 	/System/Library/PrivateFrameworks/CommonAuth.framework/Versions/A/CommonAuth
0x000000000634d000 	/System/Library/Frameworks/OpenDirectory.framework/Versions/A/Frameworks/CFOpenDirectory.framework/Versions/A/CFOpenDirectory
0x000000000634d000 	/System/Library/Frameworks/SecurityFoundation.framework/Versions/A/SecurityFoundation
0x000000000634d000 	/System/Library/PrivateFrameworks/LanguageModeling.framework/Versions/A/LanguageModeling
0x000000000634d000 	/usr/lib/libcmph.dylib
0x000000000634d000 	/System/Library/Frameworks/ServiceManagement.framework/Versions/A/ServiceManagement
0x000000000634d000 	/usr/lib/libxslt.1.dylib
0x000000000634d000 	/System/Library/Frameworks/Carbon.framework/Versions/A/Frameworks/Ink.framework/Versions/A/Ink
0x000000000634d000 	/System/Library/Frameworks/QuartzCore.framework/Versions/A/Frameworks/CoreImage.framework/Versions/A/CoreImage
0x000000000634d000 	/System/Library/PrivateFrameworks/CrashReporterSupport.framework/Versions/A/CrashReporterSupport
0x000000000634d000 	/System/Library/Frameworks/OpenCL.framework/Versions/A/OpenCL
0x000000000634d000 	/System/Library/PrivateFrameworks/FaceCore.framework/Versions/A/FaceCore
0x000000000634d000 	/System/Library/PrivateFrameworks/Ubiquity.framework/Versions/A/Ubiquity
0x000000000634d000 	/System/Library/PrivateFrameworks/IconServices.framework/Versions/A/IconServices
0x000000000634d000 	/System/Library/PrivateFrameworks/ChunkingLibrary.framework/Versions/A/ChunkingLibrary
0x000000000634d000 	/System/Library/PrivateFrameworks/Apple80211.framework/Versions/A/Apple80211
0x000000000634d000 	/System/Library/Frameworks/CoreWLAN.framework/Versions/A/CoreWLAN
0x000000000634d000 	/System/Library/Frameworks/IOBluetooth.framework/Versions/A/IOBluetooth
0x000000000634d000 	/System/Library/PrivateFrameworks/CoreWiFi.framework/Versions/A/CoreWiFi
0x000000000634d000 	/System/Library/Frameworks/CoreBluetooth.framework/Versions/A/CoreBluetooth
0x000000000634d000 	/System/Library/PrivateFrameworks/DebugSymbols.framework/Versions/A/DebugSymbols
0x000000000634d000 	/System/Library/PrivateFrameworks/CoreSymbolication.framework/Versions/A/CoreSymbolication
0x000000000634d000 	/System/Library/PrivateFrameworks/Symbolication.framework/Versions/A/Symbolication
0x000000000634d000 	/System/Library/PrivateFrameworks/SpeechRecognitionCore.framework/Versions/A/SpeechRecognitionCore
0x0000000102000000 	/Library/Java/JavaVirtualMachines/jdk1.8.0_60.jdk/Contents/Home/jre/lib/server/libjvm.dylib
0x000000000634d000 	/usr/lib/libstdc++.6.dylib
0x0000000100f22000 	/Library/Java/JavaVirtualMachines/jdk1.8.0_60.jdk/Contents/Home/jre/lib/libverify.dylib
0x0000000100f30000 	/Library/Java/JavaVirtualMachines/jdk1.8.0_60.jdk/Contents/Home/jre/lib/libjava.dylib
0x0000000100f6f000 	/Library/Java/JavaVirtualMachines/jdk1.8.0_60.jdk/Contents/Home/jre/lib/libzip.dylib
0x0000000100fe7000 	/System/Library/Frameworks/JavaVM.framework/Frameworks/JavaRuntimeSupport.framework/JavaRuntimeSupport
0x0000000117b8f000 	/System/Library/Frameworks/JavaVM.framework/Versions/A/Frameworks/JavaNativeFoundation.framework/Versions/A/JavaNativeFoundation
0x0000000117ba3000 	/System/Library/Frameworks/JavaVM.framework/Versions/A/JavaVM
0x000000000634d000 	/System/Library/Frameworks/Carbon.framework/Versions/A/Carbon
0x0000000117baf000 	/System/Library/PrivateFrameworks/JavaLaunching.framework/Versions/A/JavaLaunching
0x000000000634d000 	/System/Library/Frameworks/Carbon.framework/Versions/A/Frameworks/CommonPanels.framework/Versions/A/CommonPanels
0x000000000634d000 	/System/Library/Frameworks/Carbon.framework/Versions/A/Frameworks/Help.framework/Versions/A/Help
0x000000000634d000 	/System/Library/Frameworks/Carbon.framework/Versions/A/Frameworks/ImageCapture.framework/Versions/A/ImageCapture
0x000000000634d000 	/System/Library/Frameworks/Carbon.framework/Versions/A/Frameworks/OpenScripting.framework/Versions/A/OpenScripting
0x000000000634d000 	/System/Library/Frameworks/Carbon.framework/Versions/A/Frameworks/Print.framework/Versions/A/Print
0x000000000634d000 	/System/Library/Frameworks/Carbon.framework/Versions/A/Frameworks/SecurityHI.framework/Versions/A/SecurityHI
0x0000000119bca000 	/Library/Java/JavaVirtualMachines/jdk1.8.0_60.jdk/Contents/Home/jre/lib/libnet.dylib
0x0000000119c29000 	/Library/Java/JavaVirtualMachines/jdk1.8.0_60.jdk/Contents/Home/jre/lib/libnio.dylib
0x000000011b32f000 	/Library/Java/JavaVirtualMachines/jdk1.8.0_60.jdk/Contents/Home/jre/lib/libmanagement.dylib
0x000000011b33d000 	/Users/bedux/Documents/CSI/target/native_libraries/64bits/libjnotify.jnilib

VM Arguments:
jvm_args: -Dactivator.home=/Users/bedux/Documents/CSI -Xms1024m -Xmx1024m -XX:MetaspaceSize=64m -XX:MaxMetaspaceSize=256m 
java_command: /Users/bedux/Documents/CSI/activator-launch-1.3.7.jar ~run
java_class_path (initial): /Users/bedux/Documents/CSI/activator-launch-1.3.7.jar
Launcher Type: SUN_STANDARD

Environment Variables:
JAVA_HOME=/Library/Java/JavaVirtualMachines/jdk1.8.0_60.jdk/Contents/Home/
PATH=/Users/bedux/.local/bin:/Users/bedux/.cabal/bin:/Applications/ghc-7.10.2.app/Contents/bin:/Developer/activator-1.3.7:/Developer/android-sdk-macosx/platform-tools:/Developer/android-sdk-macosx/tools:/Developer/android-ndk-r10e:/usr/local/bin:/usr/bin:/bin:/usr/sbin:/sbin:/Library/TeX/texbin
SHELL=/bin/bash

Signal Handlers:
SIGSEGV: [libjvm.dylib+0x5a6d31], sa_mask[0]=11111111011111110111111111111111, sa_flags=SA_ONSTACK|SA_RESTART|SA_SIGINFO
SIGBUS: [libjvm.dylib+0x5a6d31], sa_mask[0]=11111111011111110111111111111111, sa_flags=SA_RESTART|SA_SIGINFO
SIGFPE: [libjvm.dylib+0x480a4c], sa_mask[0]=11111111011111110111111111111111, sa_flags=SA_RESTART|SA_SIGINFO
SIGPIPE: [libjvm.dylib+0x480a4c], sa_mask[0]=11111111011111110111111111111111, sa_flags=SA_RESTART|SA_SIGINFO
SIGXFSZ: [libjvm.dylib+0x480a4c], sa_mask[0]=11111111011111110111111111111111, sa_flags=SA_RESTART|SA_SIGINFO
SIGILL: [libjvm.dylib+0x480a4c], sa_mask[0]=11111111011111110111111111111111, sa_flags=SA_RESTART|SA_SIGINFO
SIGUSR1: SIG_DFL, sa_mask[0]=11011111011111100000000111000110, sa_flags=none
SIGUSR2: [libjvm.dylib+0x48056a], sa_mask[0]=00100000000000000000000000000000, sa_flags=SA_RESTART|SA_SIGINFO
SIGHUP: [libjvm.dylib+0x47eb41], sa_mask[0]=11111111011111110111111111111111, sa_flags=SA_RESTART|SA_SIGINFO
SIGINT: [libjvm.dylib+0x47eb41], sa_mask[0]=11111111011111110111111111111111, sa_flags=SA_RESTART|SA_SIGINFO
SIGTERM: [libjvm.dylib+0x47eb41], sa_mask[0]=11111111011111110111111111111111, sa_flags=SA_RESTART|SA_SIGINFO
SIGQUIT: [libjvm.dylib+0x47eb41], sa_mask[0]=11111111011111110111111111111111, sa_flags=SA_RESTART|SA_SIGINFO


---------------  S Y S T E M  ---------------

OS:Bsduname:Darwin 14.5.0 Darwin Kernel Version 14.5.0: Wed Jul 29 02:26:53 PDT 2015; root:xnu-2782.40.9~1/RELEASE_X86_64 x86_64
rlimit: STACK 8192k, CORE 0k, NPROC 709, NOFILE 10240, AS infinity
load average:6.81 4.92 4.11

CPU:total 8 (4 cores per cpu, 2 threads per core) family 6 model 58 stepping 9, cmov, cx8, fxsr, mmx, sse, sse2, sse3, ssse3, sse4.1, sse4.2, popcnt, avx, aes, clmul, erms, ht, tsc, tscinvbit, tscinv

Memory: 4k page, physical 8388608k(19956k free)

/proc/meminfo:


vm_info: Java HotSpot(TM) 64-Bit Server VM (25.60-b23) for bsd-amd64 JRE (1.8.0_60-b27), built on Aug  4 2015 10:47:24 by "java_re" with gcc 4.2.1 (Based on Apple Inc. build 5658) (LLVM build 2336.11.00)

time: Tue Mar 29 15:43:34 2016
elapsed time: 1521 seconds (0d 0h 25m 21s)

